Removed Pin From Net: NetName=GND Pin=C11-2
Removed Pin From Net: NetName=GND Pin=C12-1
Removed Pin From Net: NetName=GND Pin=C13-2
Removed Pin From Net: NetName=GND Pin=C14A-1
Removed Pin From Net: NetName=GND Pin=C14B-1
Removed Pin From Net: NetName=GND Pin=C14C-1
Removed Pin From Net: NetName=GND Pin=C14D-1
Removed Pin From Net: NetName=GND Pin=C14E-1
Removed Pin From Net: NetName=GND Pin=C14F-1
Removed Pin From Net: NetName=GND Pin=C14G-1
Removed Pin From Net: NetName=GND Pin=C14H-1
Removed Pin From Net: NetName=GND Pin=C14I-1
Removed Pin From Net: NetName=GND Pin=C14J-1
Removed Pin From Net: NetName=GND Pin=C14K-1
Removed Pin From Net: NetName=GND Pin=C14L-1
Removed Pin From Net: NetName=GND Pin=C14M-1
Removed Pin From Net: NetName=GND Pin=C14O-1
Removed Pin From Net: NetName=GND Pin=C14P-1
Removed Pin From Net: NetName=GND Pin=U1-4
Removed Pin From Net: NetName=GND Pin=U3-5
Removed Pin From Net: NetName=GND Pin=U4-5
Removed Pin From Net: NetName=GND Pin=U7-4
Removed Pin From Net: NetName=GND Pin=U9-5
Added Pin To Net: NetName=AGND Pin=C11-2
Added Pin To Net: NetName=AGND Pin=C12-1
Added Pin To Net: NetName=AGND Pin=C13-2
Added Pin To Net: NetName=AGND Pin=C14A-1
Added Pin To Net: NetName=AGND Pin=C14B-1
Added Pin To Net: NetName=AGND Pin=C14C-1
Added Pin To Net: NetName=AGND Pin=C14D-1
Added Pin To Net: NetName=AGND Pin=C14E-1
Added Pin To Net: NetName=AGND Pin=C14F-1
Added Pin To Net: NetName=AGND Pin=C14G-1
Added Pin To Net: NetName=AGND Pin=C14H-1
Added Pin To Net: NetName=AGND Pin=C14I-1
Added Pin To Net: NetName=AGND Pin=C14J-1
Added Pin To Net: NetName=AGND Pin=C14K-1
Added Pin To Net: NetName=AGND Pin=C14L-1
Added Pin To Net: NetName=AGND Pin=C14M-1
Added Pin To Net: NetName=AGND Pin=C14O-1
Added Pin To Net: NetName=AGND Pin=C14P-1
Added Pin To Net: NetName=AGND Pin=U1-4
Added Pin To Net: NetName=AGND Pin=U3-5
Added Pin To Net: NetName=AGND Pin=U4-5
Added Pin To Net: NetName=AGND Pin=U7-4
Added Pin To Net: NetName=AGND Pin=U9-5
Added Net: Name=AGND
Added Room: Name=ECU_ADC
Added Room: Name=ECU_Interface
Added Room: Name=ECU_Power
