Change Physical Footprint: Designator=C1 Old Footprint=0805 New Footprint=0805
Change Physical Footprint: Designator=C2 Old Footprint=0805 New Footprint=0805
Change Physical Footprint: Designator=C3 Old Footprint=0805 New Footprint=0805
Change Physical Footprint: Designator=C4 Old Footprint=0805 New Footprint=0805
Change Physical Footprint: Designator=C5 Old Footprint=0805 New Footprint=0805
Change Physical Footprint: Designator=C6 Old Footprint=0805 New Footprint=0805
Change Physical Footprint: Designator=C7 Old Footprint=0805 New Footprint=0805
Change Physical Footprint: Designator=C8 Old Footprint=0805 New Footprint=0805
Change Physical Footprint: Designator=C9 Old Footprint=CAPPRD750W80D1600H2700 New Footprint=CAPPRD750W80D1600H2700
Change Physical Footprint: Designator=C10 Old Footprint=0805 New Footprint=0805
Change Physical Footprint: Designator=C11 Old Footprint=0805 New Footprint=0805
Change Physical Footprint: Designator=C12 Old Footprint=0805 New Footprint=0805
Change Physical Footprint: Designator=C13 Old Footprint=0805 New Footprint=0805
Change Physical Footprint: Designator=C14A Old Footprint=0805 New Footprint=0805
Change Physical Footprint: Designator=C14B Old Footprint=0805 New Footprint=0805
Change Physical Footprint: Designator=C14C Old Footprint=0805 New Footprint=0805
Change Physical Footprint: Designator=C14D Old Footprint=0805 New Footprint=0805
Change Physical Footprint: Designator=C14E Old Footprint=0805 New Footprint=0805
Change Physical Footprint: Designator=C14F Old Footprint=0805 New Footprint=0805
Change Physical Footprint: Designator=C14G Old Footprint=0805 New Footprint=0805
Change Physical Footprint: Designator=C14H Old Footprint=0805 New Footprint=0805
Change Physical Footprint: Designator=C14I Old Footprint=0805 New Footprint=0805
Change Physical Footprint: Designator=C14J Old Footprint=0805 New Footprint=0805
Change Physical Footprint: Designator=C14K Old Footprint=0805 New Footprint=0805
Change Physical Footprint: Designator=C14L Old Footprint=0805 New Footprint=0805
Change Physical Footprint: Designator=C14M Old Footprint=0805 New Footprint=0805
Change Physical Footprint: Designator=C14O Old Footprint=0805 New Footprint=0805
Change Physical Footprint: Designator=C14P Old Footprint=0805 New Footprint=0805
Change Physical Footprint: Designator=C15 Old Footprint=0805 New Footprint=0805
Change Physical Footprint: Designator=C16 Old Footprint=0805 New Footprint=0805
Change Physical Footprint: Designator=C17 Old Footprint=0805 New Footprint=0805
Change Physical Footprint: Designator=J1 Old Footprint=TE_1-284391-2 New Footprint=TE_1-284391-2
Change Physical Footprint: Designator=J2 Old Footprint=TE_1-284391-2 New Footprint=TE_1-284391-2
Change Physical Footprint: Designator=J3 Old Footprint=TE_1-284391-2 New Footprint=TE_1-284391-2
Change Physical Footprint: Designator=J4 Old Footprint=TopBoardConnector New Footprint=TopBoardConnector
Change Physical Footprint: Designator=J5 Old Footprint=2 POS MOLEX New Footprint=2 POS MOLEX
Change Physical Footprint: Designator=J6 Old Footprint=2 POS MOLEX New Footprint=2 POS MOLEX
Change Physical Footprint: Designator=J7 Old Footprint=2 POS MOLEX New Footprint=2 POS MOLEX
Change Physical Footprint: Designator=L1 Old Footprint=IND_BOURNS_SDR1806 New Footprint=IND_BOURNS_SDR1806
Change Physical Footprint: Designator=Q1 Old Footprint=MSOP-8_MS New Footprint=MSOP-8_MS
Change Physical Footprint: Designator=Q2 Old Footprint=MSOP-8_MS New Footprint=MSOP-8_MS
Change Physical Footprint: Designator=Q3 Old Footprint=MSOP-8_MS New Footprint=MSOP-8_MS
Change Physical Footprint: Designator=R1 Old Footprint=0805 New Footprint=0805
Change Physical Footprint: Designator=R2 Old Footprint=0805 New Footprint=0805
Change Physical Footprint: Designator=R3 Old Footprint=0805 New Footprint=0805
Change Physical Footprint: Designator=R4 Old Footprint=0805 New Footprint=0805
Change Physical Footprint: Designator=R5 Old Footprint=0805 New Footprint=0805
Change Physical Footprint: Designator=R6 Old Footprint=0805 New Footprint=0805
Change Physical Footprint: Designator=R7A Old Footprint=0805 New Footprint=0805
Change Physical Footprint: Designator=R7B Old Footprint=0805 New Footprint=0805
Change Physical Footprint: Designator=R7C Old Footprint=0805 New Footprint=0805
Change Physical Footprint: Designator=R7D Old Footprint=0805 New Footprint=0805
Change Physical Footprint: Designator=R7E Old Footprint=0805 New Footprint=0805
Change Physical Footprint: Designator=R7F Old Footprint=0805 New Footprint=0805
Change Physical Footprint: Designator=R7G Old Footprint=0805 New Footprint=0805
Change Physical Footprint: Designator=R7H Old Footprint=0805 New Footprint=0805
Change Physical Footprint: Designator=R7I Old Footprint=0805 New Footprint=0805
Change Physical Footprint: Designator=R7J Old Footprint=0805 New Footprint=0805
Change Physical Footprint: Designator=R7K Old Footprint=0805 New Footprint=0805
Change Physical Footprint: Designator=R7L Old Footprint=0805 New Footprint=0805
Change Physical Footprint: Designator=R7M Old Footprint=0805 New Footprint=0805
Change Physical Footprint: Designator=R7O Old Footprint=0805 New Footprint=0805
Change Physical Footprint: Designator=R7P Old Footprint=0805 New Footprint=0805
Change Physical Footprint: Designator=R8 Old Footprint=0805 New Footprint=0805
Change Physical Footprint: Designator=R9 Old Footprint=0805 New Footprint=0805
Change Physical Footprint: Designator=R10 Old Footprint=0805 New Footprint=0805
Change Physical Footprint: Designator=R11 Old Footprint=0805 New Footprint=0805
Change Physical Footprint: Designator=R12 Old Footprint=0805 New Footprint=0805
Change Physical Footprint: Designator=R13 Old Footprint=0805 New Footprint=0805
Change Physical Footprint: Designator=R14 Old Footprint=0805 New Footprint=0805
Change Physical Footprint: Designator=R15 Old Footprint=0805 New Footprint=0805
Change Physical Footprint: Designator=U Old Footprint=MSOP-8_MS New Footprint=MSOP-8_MS
Change Physical Footprint: Designator=U1 Old Footprint=SOT5x3-6_DRL_TEX New Footprint=SOT5x3-6_DRL_TEX
Change Physical Footprint: Designator=U2 Old Footprint=NCP1117IDT50T4G New Footprint=NCP1117IDT50T4G
Change Physical Footprint: Designator=U6 Old Footprint=SOT-23-5_MC_MCH-M New Footprint=SOT-23-5_MC_MCH-M
Change Physical Footprint: Designator=U7 Old Footprint=D8 New Footprint=D8
Change Physical Footprint: Designator=U8 Old Footprint=NCP1117IDT50T4G New Footprint=NCP1117IDT50T4G
Change Physical Footprint: Designator=U10 Old Footprint=QSOP24 New Footprint=QSOP24
