Removed Pin From Net: NetName=NetJ1_10 Pin=R7A-1
Removed Pin From Net: NetName=NetJ1_1 Pin=R7B-1
Removed Pin From Net: NetName=NetJ1_2 Pin=R7C-1
Removed Pin From Net: NetName=NetJ1_3 Pin=R7D-1
Removed Pin From Net: NetName=NetJ1_4 Pin=R7E-1
Removed Pin From Net: NetName=NetJ1_5 Pin=R7F-1
Removed Pin From Net: NetName=NetJ1_6 Pin=R7G-1
Removed Pin From Net: NetName=NetJ1_7 Pin=R7H-1
Removed Pin From Net: NetName=NetJ1_8 Pin=R7I-1
Removed Pin From Net: NetName=NetJ1_9 Pin=R7J-1
Added Pin To Net: NetName=NetJ1_1 Pin=R7A-1
Added Pin To Net: NetName=NetJ1_2 Pin=R7B-1
Added Pin To Net: NetName=NetJ1_3 Pin=R7C-1
Added Pin To Net: NetName=NetJ1_4 Pin=R7D-1
Added Pin To Net: NetName=NetJ1_5 Pin=R7E-1
Added Pin To Net: NetName=NetJ1_6 Pin=R7F-1
Added Pin To Net: NetName=NetJ1_7 Pin=R7G-1
Added Pin To Net: NetName=NetJ1_8 Pin=R7H-1
Added Pin To Net: NetName=NetJ1_9 Pin=R7I-1
Added Pin To Net: NetName=NetJ1_10 Pin=R7J-1
Added Room: Name=ECU_ADC
Added Room: Name=ECU_Interface
Added Room: Name=ECU_Power
